<?xml version="1.0" encoding="UTF-8"?>
<!-- Generated by org.testng.reporters.JUnitXMLReporter -->
<testsuite hostname="LAPTOP-JECORPIE" ignored="0" name="Pixel_2" tests="2" failures="1" timestamp="26 Jul 2020 10:57:13 GMT" time="0.571" errors="0">
  <testcase name="@BeforeSuite beforeSuite" time="0.162" classname="com.qa.BaseTest">
    <failure type="java.lang.IllegalStateException" message="The driver executable does not exist: H:\usr\local\bin\node">
      <![CDATA[java.lang.IllegalStateException: The driver executable does not exist: H:\usr\local\bin\node
at com.google.common.base.Preconditions.checkState(Preconditions.java:585)
at org.openqa.selenium.remote.service.DriverService.checkExecutable(DriverService.java:146)
at org.openqa.selenium.remote.service.DriverService$Builder.usingDriverExecutable(DriverService.java:281)
at io.appium.java_client.service.local.AppiumServiceBuilder.usingDriverExecutable(AppiumServiceBuilder.java:435)
at com.qa.BaseTest.getAppiumService(BaseTest.java:201)
at com.qa.BaseTest.beforeSuite(BaseTest.java:161)
... Removed 20 stack frames]]>
    </failure>
  </testcase> <!-- @BeforeSuite beforeSuite -->
  <testcase name="@BeforeTest beforeTest" time="0.0" classname="com.qa.BaseTest">
    <skipped/>
  </testcase> <!-- @BeforeTest beforeTest -->
  <testcase name="@BeforeClass beforeClass" time="0.0" classname="com.qa.tests.LoginTests">
    <skipped/>
  </testcase> <!-- @BeforeClass beforeClass -->
  <testcase name="@BeforeMethod beforeMethod" time="0.0" classname="com.qa.BaseTest">
    <skipped/>
  </testcase> <!-- @BeforeMethod beforeMethod -->
  <testcase name="@BeforeMethod beforeMethod" time="0.0" classname="com.qa.tests.LoginTests">
    <skipped/>
  </testcase> <!-- @BeforeMethod beforeMethod -->
  <testcase name="@AfterTest afterTest" time="0.0" classname="com.qa.BaseTest">
    <skipped/>
  </testcase> <!-- @AfterTest afterTest -->
  <testcase name="invalidPassword" time="0.0" classname="com.qa.tests.LoginTests">
    <skipped/>
  </testcase> <!-- invalidPassword -->
  <testcase name="invalidPassword" time="0.019" classname="com.qa.tests.LoginTests">
    <failure type="java.lang.NullPointerException">
      <![CDATA[java.lang.NullPointerException
at com.qa.listeners.TestListener.onTestSkipped(TestListener.java:91)
at java.util.concurrent.FutureTask.run(FutureTask.java:266)
at java.util.concurrent.ThreadPoolExecutor.runWorker(ThreadPoolExecutor.java:1142)
at java.util.concurrent.ThreadPoolExecutor$Worker.run(ThreadPoolExecutor.java:617)
at java.lang.Thread.run(Thread.java:745)
... Removed 14 stack frames]]>
    </failure>
  </testcase> <!-- invalidPassword -->
</testsuite> <!-- Pixel_2 -->
