<?xml version="1.0" encoding="UTF-8"?>
<!-- Generated by org.testng.reporters.JUnitReportReporter -->
<testsuite skipped="16" hostname="Laptop-Harshal" name="com.qa.tests.Tc_overview_new" tests="57" failures="0" timestamp="24 Mar 2022 08:02:29 GMT" time="550.534" errors="4">
  <testcase name="Verify_MachineStatus_Text" time="1.377" classname="com.qa.tests.Tc_overview_new"/>
  <testcase name="Verify_AddNewParts_Text" time="0.961" classname="com.qa.tests.Tc_overview_new"/>
  <testcase name="Verify_SearchForPart_Text" time="2.735" classname="com.qa.tests.Tc_overview_new"/>
  <testcase name="Verify_AddNewPart_Text" time="1.129" classname="com.qa.tests.Tc_overview_new"/>
  <testcase name="Verify_EnterNewPartName_Text" time="1.067" classname="com.qa.tests.Tc_overview_new"/>
  <testcase name="Verify_EnterPartOperation_Text" time="0.614" classname="com.qa.tests.Tc_overview_new"/>
  <testcase name="Verify_Enternumber_Text" time="1.939" classname="com.qa.tests.Tc_overview_new"/>
  <testcase name="Verify_Zero_Text" time="0.623" classname="com.qa.tests.Tc_overview_new"/>
  <testcase name="Verify_PartOperation_Text" time="0.583" classname="com.qa.tests.Tc_overview_new"/>
  <testcase name="Verify_PartNumber_Text" time="0.668" classname="com.qa.tests.Tc_overview_new"/>
  <testcase name="Verify_CycleTime_Text" time="1.119" classname="com.qa.tests.Tc_overview_new"/>
  <testcase name="Verify_sec_Text" time="0.605" classname="com.qa.tests.Tc_overview_new"/>
  <testcase name="Verify_Add_Text" time="0.556" classname="com.qa.tests.Tc_overview_new"/>
  <testcase name="Verify_cancel_Text" time="0.555" classname="com.qa.tests.Tc_overview_new"/>
  <testcase name="Verify_invalidNewPartName" time="9.622" classname="com.qa.tests.Tc_overview_new"/>
  <testcase name="Verify_invalidPartOperation" time="10.888" classname="com.qa.tests.Tc_overview_new"/>
  <testcase name="Verify_invalidPartNumber" time="10.308" classname="com.qa.tests.Tc_overview_new"/>
  <testcase name="Verify_invalidCycleTime" time="12.697" classname="com.qa.tests.Tc_overview_new"/>
  <testcase name="Verify_AllValidData_SelectCancel" time="10.537" classname="com.qa.tests.Tc_overview_new"/>
  <testcase name="Verify_AllValidData_No" time="17.260" classname="com.qa.tests.Tc_overview_new"/>
  <testcase name="Verify_AllValidData_selectAdd" time="84.628" classname="com.qa.tests.Tc_overview_new">
    <error type="org.openqa.selenium.TimeoutException" message="Expected condition failed: waiting for visibility of Located by By.chained({By.xpath: //android.widget.TextView[@text=&#039;Parts added successfully.&#039;]}) (tried for 70 second(s) with 500 milliseconds interval)">
      <![CDATA[org.openqa.selenium.TimeoutException: Expected condition failed: waiting for visibility of Located by By.chained({By.xpath: //android.widget.TextView[@text='Parts added successfully.']}) (tried for 70 second(s) with 500 milliseconds interval)
at org.openqa.selenium.support.ui.WebDriverWait.timeoutException(WebDriverWait.java:81)
at org.openqa.selenium.support.ui.FluentWait.until(FluentWait.java:271)
at com.qa.BaseTest.waitForVisibility(BaseTest.java:322)
at com.qa.BaseTest.getAttribute(BaseTest.java:388)
at com.qa.BaseTest.getText(BaseTest.java:396)
at com.qa.pages.Overview.getErrTxt_PartsAddedSuccessfully(Overview.java:790)
at com.qa.tests.Tc_overview_new.Verify_AllValidData_selectAdd(Tc_overview_new.java:328)
at sun.reflect.NativeMethodAccessorImpl.invoke0(Native Method)
at sun.reflect.NativeMethodAccessorImpl.invoke(NativeMethodAccessorImpl.java:62)
at sun.reflect.DelegatingMethodAccessorImpl.invoke(DelegatingMethodAccessorImpl.java:43)
at java.lang.reflect.Method.invoke(Method.java:497)
at org.testng.internal.MethodInvocationHelper.invokeMethod(MethodInvocationHelper.java:124)
at org.testng.internal.Invoker.invokeMethod(Invoker.java:583)
at org.testng.internal.Invoker.invokeTestMethod(Invoker.java:719)
at org.testng.internal.Invoker.invokeTestMethods(Invoker.java:989)
at org.testng.internal.TestMethodWorker.invokeTestMethods(TestMethodWorker.java:125)
at org.testng.internal.TestMethodWorker.run(TestMethodWorker.java:109)
at org.testng.TestRunner.privateRun(TestRunner.java:648)
at org.testng.TestRunner.run(TestRunner.java:505)
at org.testng.SuiteRunner.runTest(SuiteRunner.java:455)
at org.testng.SuiteRunner.access$000(SuiteRunner.java:40)
at org.testng.SuiteRunner$SuiteWorker.run(SuiteRunner.java:489)
at org.testng.internal.thread.ThreadUtil$1.call(ThreadUtil.java:52)
at java.util.concurrent.FutureTask.run(FutureTask.java:266)
at java.util.concurrent.ThreadPoolExecutor.runWorker(ThreadPoolExecutor.java:1142)
at java.util.concurrent.ThreadPoolExecutor$Worker.run(ThreadPoolExecutor.java:617)
at java.lang.Thread.run(Thread.java:745)
Caused by: org.openqa.selenium.NoSuchElementException: Can't locate an element by this strategy: By.chained({By.xpath: //android.widget.TextView[@text='Parts added successfully.']})
at io.appium.java_client.pagefactory.AppiumElementLocator.findElement(AppiumElementLocator.java:126)
at io.appium.java_client.pagefactory.interceptors.InterceptorOfASingleElement.intercept(InterceptorOfASingleElement.java:60)
at io.appium.java_client.android.AndroidElement$$EnhancerByCGLIB$$b598166c.isDisplayed(<generated>)
at org.openqa.selenium.support.ui.ExpectedConditions.elementIfVisible(ExpectedConditions.java:315)
at org.openqa.selenium.support.ui.ExpectedConditions.access$100(ExpectedConditions.java:44)
at org.openqa.selenium.support.ui.ExpectedConditions$10.apply(ExpectedConditions.java:301)
at org.openqa.selenium.support.ui.ExpectedConditions$10.apply(ExpectedConditions.java:298)
at org.openqa.selenium.support.ui.FluentWait.until(FluentWait.java:248)
... 25 more
Caused by: org.openqa.selenium.TimeoutException: Expected condition failed: waiting for io.appium.java_client.pagefactory.AppiumElementLocator$WaitingFunction@6c605184 (tried for 1 second(s) with 500 milliseconds interval)
at org.openqa.selenium.support.ui.FluentWait.timeoutException(FluentWait.java:303)
at org.openqa.selenium.support.ui.FluentWait.until(FluentWait.java:271)
at io.appium.java_client.pagefactory.AppiumElementLocator.waitFor(AppiumElementLocator.java:99)
at io.appium.java_client.pagefactory.AppiumElementLocator.findElement(AppiumElementLocator.java:119)
... 32 more
Caused by: org.openqa.selenium.NoSuchElementException: Cannot locate an element using By.chained({By.xpath: //android.widget.TextView[@text='Parts added successfully.']})
For documentation on this error, please visit: http://seleniumhq.org/exceptions/no_such_element.html
Build info: version: '3.12.0', revision: '7c6e0b3', time: '2018-05-08T14:04:26.12Z'
System info: host: 'LAPTOP-HARSHAL', ip: '192.168.0.102', os.name: 'Windows 10', os.arch: 'amd64', os.version: '10.0', java.version: '1.8.0_66'
Driver info: driver.version: AndroidDriver
at io.appium.java_client.pagefactory.bys.builder.ByChained.findElement(ByChained.java:74)
at org.openqa.selenium.remote.RemoteWebDriver.findElement(RemoteWebDriver.java:309)
at io.appium.java_client.DefaultGenericMobileDriver.findElement(DefaultGenericMobileDriver.java:58)
at io.appium.java_client.AppiumDriver.findElement(AppiumDriver.java:1)
at io.appium.java_client.android.AndroidDriver.findElement(AndroidDriver.java:1)
at io.appium.java_client.pagefactory.bys.ContentMappedBy.findElement(ContentMappedBy.java:50)
at org.openqa.selenium.remote.RemoteWebDriver.findElement(RemoteWebDriver.java:309)
at io.appium.java_client.DefaultGenericMobileDriver.findElement(DefaultGenericMobileDriver.java:58)
at io.appium.java_client.AppiumDriver.findElement(AppiumDriver.java:1)
at io.appium.java_client.android.AndroidDriver.findElement(AndroidDriver.java:1)
at io.appium.java_client.pagefactory.AppiumElementLocator.lambda$0(AppiumElementLocator.java:120)
at io.appium.java_client.pagefactory.AppiumElementLocator$WaitingFunction.apply(AppiumElementLocator.java:172)
at io.appium.java_client.pagefactory.AppiumElementLocator$WaitingFunction.apply(AppiumElementLocator.java:1)
at org.openqa.selenium.support.ui.FluentWait.until(FluentWait.java:248)
... 34 more
]]>
    </error>
  </testcase> <!-- Verify_AllValidData_selectAdd -->
  <testcase name="Verify_AllValidData_Add_in_secondBlock" time="40.160" classname="com.qa.tests.Tc_overview_new"/>
  <testcase name="Verify_production" time="3.904" classname="com.qa.tests.Tc_overview_new">
    <error type="org.openqa.selenium.StaleElementReferenceException" message="The element &#039;By.id: com.nytt.opapp:id/imgClose&#039; does not exist in DOM anymore
For documentation on this error, please visit: http://seleniumhq.org/exceptions/stale_element_reference.html
Build info: version: &#039;3.12.0&#039;, revision: &#039;7c6e0b3&#039;, time: &#039;2018-05-08T14:04:26.12Z&#039;
System info: host: &#039;LAPTOP-HARSHAL&#039;, ip: &#039;192.168.0.102&#039;, os.name: &#039;Windows 10&#039;, os.arch: &#039;amd64&#039;, os.version: &#039;10.0&#039;, java.version: &#039;1.8.0_66&#039;
Driver info: io.appium.java_client.android.AndroidDriver
Capabilities {databaseEnabled: false, desired: {deviceName: 9_Moto G(6), platformName: android, udid: ZF6222TXZW}, deviceApiLevel: 28, deviceManufacturer: motorola, deviceModel: moto g(6), deviceName: ZF6222TXZW, deviceScreenDensity: 480, deviceScreenSize: 1080x2160, deviceUDID: ZF6222TXZW, javascriptEnabled: true, locationContextEnabled: false, networkConnectionEnabled: true, pixelRatio: 3, platform: LINUX, platformName: Android, platformVersion: 9, statBarHeight: 72, takesScreenshot: true, udid: ZF6222TXZW, viewportRect: {height: 1944, left: 0, top: 72, width: 1080}, warnings: {}, webStorageEnabled: false}
Session ID: a8053463-0e97-4d49-9015-6d377d988fdd">
      <![CDATA[org.openqa.selenium.StaleElementReferenceException: The element 'By.id: com.nytt.opapp:id/imgClose' does not exist in DOM anymore
For documentation on this error, please visit: http://seleniumhq.org/exceptions/stale_element_reference.html
Build info: version: '3.12.0', revision: '7c6e0b3', time: '2018-05-08T14:04:26.12Z'
System info: host: 'LAPTOP-HARSHAL', ip: '192.168.0.102', os.name: 'Windows 10', os.arch: 'amd64', os.version: '10.0', java.version: '1.8.0_66'
Driver info: io.appium.java_client.android.AndroidDriver
Capabilities {databaseEnabled: false, desired: {deviceName: 9_Moto G(6), platformName: android, udid: ZF6222TXZW}, deviceApiLevel: 28, deviceManufacturer: motorola, deviceModel: moto g(6), deviceName: ZF6222TXZW, deviceScreenDensity: 480, deviceScreenSize: 1080x2160, deviceUDID: ZF6222TXZW, javascriptEnabled: true, locationContextEnabled: false, networkConnectionEnabled: true, pixelRatio: 3, platform: LINUX, platformName: Android, platformVersion: 9, statBarHeight: 72, takesScreenshot: true, udid: ZF6222TXZW, viewportRect: {height: 1944, left: 0, top: 72, width: 1080}, warnings: {}, webStorageEnabled: false}
Session ID: a8053463-0e97-4d49-9015-6d377d988fdd
at sun.reflect.NativeConstructorAccessorImpl.newInstance0(Native Method)
at sun.reflect.NativeConstructorAccessorImpl.newInstance(NativeConstructorAccessorImpl.java:62)
at sun.reflect.DelegatingConstructorAccessorImpl.newInstance(DelegatingConstructorAccessorImpl.java:45)
at java.lang.reflect.Constructor.newInstance(Constructor.java:422)
at org.openqa.selenium.remote.http.W3CHttpResponseCodec.createException(W3CHttpResponseCodec.java:187)
at org.openqa.selenium.remote.http.W3CHttpResponseCodec.decode(W3CHttpResponseCodec.java:122)
at org.openqa.selenium.remote.http.W3CHttpResponseCodec.decode(W3CHttpResponseCodec.java:49)
at org.openqa.selenium.remote.HttpCommandExecutor.execute(HttpCommandExecutor.java:158)
at io.appium.java_client.remote.AppiumCommandExecutor.execute(AppiumCommandExecutor.java:231)
at org.openqa.selenium.remote.RemoteWebDriver.execute(RemoteWebDriver.java:543)
at io.appium.java_client.DefaultGenericMobileDriver.execute(DefaultGenericMobileDriver.java:42)
at io.appium.java_client.AppiumDriver.execute(AppiumDriver.java:1)
at io.appium.java_client.android.AndroidDriver.execute(AndroidDriver.java:1)
at org.openqa.selenium.remote.RemoteWebElement.execute(RemoteWebElement.java:276)
at io.appium.java_client.DefaultGenericMobileElement.execute(DefaultGenericMobileElement.java:45)
at io.appium.java_client.MobileElement.execute(MobileElement.java:1)
at io.appium.java_client.android.AndroidElement.execute(AndroidElement.java:1)
at org.openqa.selenium.remote.RemoteWebElement.isDisplayed(RemoteWebElement.java:317)
at sun.reflect.GeneratedMethodAccessor10.invoke(Unknown Source)
at sun.reflect.DelegatingMethodAccessorImpl.invoke(DelegatingMethodAccessorImpl.java:43)
at java.lang.reflect.Method.invoke(Method.java:497)
at io.appium.java_client.pagefactory.ElementInterceptor.getObject(ElementInterceptor.java:40)
at io.appium.java_client.pagefactory.interceptors.InterceptorOfASingleElement.intercept(InterceptorOfASingleElement.java:61)
at io.appium.java_client.android.AndroidElement$$EnhancerByCGLIB$$b598166c.isDisplayed(<generated>)
at org.openqa.selenium.support.ui.ExpectedConditions.elementIfVisible(ExpectedConditions.java:315)
at org.openqa.selenium.support.ui.ExpectedConditions.access$100(ExpectedConditions.java:44)
at org.openqa.selenium.support.ui.ExpectedConditions$10.apply(ExpectedConditions.java:301)
at org.openqa.selenium.support.ui.ExpectedConditions$10.apply(ExpectedConditions.java:298)
at org.openqa.selenium.support.ui.FluentWait.until(FluentWait.java:248)
at com.qa.BaseTest.waitForVisibility(BaseTest.java:322)
at com.qa.BaseTest.click(BaseTest.java:369)
at com.qa.pages.Overview.Select_Production(Overview.java:403)
at com.qa.tests.Tc_overview_new.Verify_production(Tc_overview_new.java:356)
at sun.reflect.NativeMethodAccessorImpl.invoke0(Native Method)
at sun.reflect.NativeMethodAccessorImpl.invoke(NativeMethodAccessorImpl.java:62)
at sun.reflect.DelegatingMethodAccessorImpl.invoke(DelegatingMethodAccessorImpl.java:43)
at java.lang.reflect.Method.invoke(Method.java:497)
at org.testng.internal.MethodInvocationHelper.invokeMethod(MethodInvocationHelper.java:124)
at org.testng.internal.Invoker.invokeMethod(Invoker.java:583)
at org.testng.internal.Invoker.invokeTestMethod(Invoker.java:719)
at org.testng.internal.Invoker.invokeTestMethods(Invoker.java:989)
at org.testng.internal.TestMethodWorker.invokeTestMethods(TestMethodWorker.java:125)
at org.testng.internal.TestMethodWorker.run(TestMethodWorker.java:109)
at org.testng.TestRunner.privateRun(TestRunner.java:648)
at org.testng.TestRunner.run(TestRunner.java:505)
at org.testng.SuiteRunner.runTest(SuiteRunner.java:455)
at org.testng.SuiteRunner.access$000(SuiteRunner.java:40)
at org.testng.SuiteRunner$SuiteWorker.run(SuiteRunner.java:489)
at org.testng.internal.thread.ThreadUtil$1.call(ThreadUtil.java:52)
at java.util.concurrent.FutureTask.run(FutureTask.java:266)
at java.util.concurrent.ThreadPoolExecutor.runWorker(ThreadPoolExecutor.java:1142)
at java.util.concurrent.ThreadPoolExecutor$Worker.run(ThreadPoolExecutor.java:617)
at java.lang.Thread.run(Thread.java:745)
]]>
    </error>
  </testcase> <!-- Verify_production -->
  <testcase name="Verify_RestartMachine_with_YesButton" time="4.306" classname="com.qa.tests.Tc_overview_new"/>
  <testcase name="Verify_RestartMachine_with_NoButton" time="3.003" classname="com.qa.tests.Tc_overview_new"/>
  <testcase name="Tc_setupStartON" time="2.719" classname="com.qa.tests.Tc_overview_new"/>
  <testcase name="Verify_Setup" time="3.567" classname="com.qa.tests.Tc_overview_new"/>
  <testcase name="Verify_NoProduction" time="36.897" classname="com.qa.tests.Tc_overview_new"/>
  <testcase name="Verify_Delete_order_Second" time="77.134" classname="com.qa.tests.Tc_overview_new">
    <error type="org.openqa.selenium.TimeoutException" message="Expected condition failed: waiting for visibility of Located by By.chained({By.xpath: //android.widget.TextView[@text=&#039;Order deleted successfully.&#039;]}) (tried for 70 second(s) with 500 milliseconds interval)">
      <![CDATA[org.openqa.selenium.TimeoutException: Expected condition failed: waiting for visibility of Located by By.chained({By.xpath: //android.widget.TextView[@text='Order deleted successfully.']}) (tried for 70 second(s) with 500 milliseconds interval)
at org.openqa.selenium.support.ui.WebDriverWait.timeoutException(WebDriverWait.java:81)
at org.openqa.selenium.support.ui.FluentWait.until(FluentWait.java:271)
at com.qa.BaseTest.waitForVisibility(BaseTest.java:322)
at com.qa.BaseTest.getAttribute(BaseTest.java:388)
at com.qa.BaseTest.getText(BaseTest.java:396)
at com.qa.pages.Overview.getErrTxt_OrderDeletedSuccessfully(Overview.java:808)
at com.qa.tests.Tc_overview_new.Verify_Delete_order_Second(Tc_overview_new.java:475)
at sun.reflect.NativeMethodAccessorImpl.invoke0(Native Method)
at sun.reflect.NativeMethodAccessorImpl.invoke(NativeMethodAccessorImpl.java:62)
at sun.reflect.DelegatingMethodAccessorImpl.invoke(DelegatingMethodAccessorImpl.java:43)
at java.lang.reflect.Method.invoke(Method.java:497)
at org.testng.internal.MethodInvocationHelper.invokeMethod(MethodInvocationHelper.java:124)
at org.testng.internal.Invoker.invokeMethod(Invoker.java:583)
at org.testng.internal.Invoker.invokeTestMethod(Invoker.java:719)
at org.testng.internal.Invoker.invokeTestMethods(Invoker.java:989)
at org.testng.internal.TestMethodWorker.invokeTestMethods(TestMethodWorker.java:125)
at org.testng.internal.TestMethodWorker.run(TestMethodWorker.java:109)
at org.testng.TestRunner.privateRun(TestRunner.java:648)
at org.testng.TestRunner.run(TestRunner.java:505)
at org.testng.SuiteRunner.runTest(SuiteRunner.java:455)
at org.testng.SuiteRunner.access$000(SuiteRunner.java:40)
at org.testng.SuiteRunner$SuiteWorker.run(SuiteRunner.java:489)
at org.testng.internal.thread.ThreadUtil$1.call(ThreadUtil.java:52)
at java.util.concurrent.FutureTask.run(FutureTask.java:266)
at java.util.concurrent.ThreadPoolExecutor.runWorker(ThreadPoolExecutor.java:1142)
at java.util.concurrent.ThreadPoolExecutor$Worker.run(ThreadPoolExecutor.java:617)
at java.lang.Thread.run(Thread.java:745)
Caused by: org.openqa.selenium.NoSuchElementException: Can't locate an element by this strategy: By.chained({By.xpath: //android.widget.TextView[@text='Order deleted successfully.']})
at io.appium.java_client.pagefactory.AppiumElementLocator.findElement(AppiumElementLocator.java:126)
at io.appium.java_client.pagefactory.interceptors.InterceptorOfASingleElement.intercept(InterceptorOfASingleElement.java:60)
at io.appium.java_client.android.AndroidElement$$EnhancerByCGLIB$$b598166c.isDisplayed(<generated>)
at org.openqa.selenium.support.ui.ExpectedConditions.elementIfVisible(ExpectedConditions.java:315)
at org.openqa.selenium.support.ui.ExpectedConditions.access$100(ExpectedConditions.java:44)
at org.openqa.selenium.support.ui.ExpectedConditions$10.apply(ExpectedConditions.java:301)
at org.openqa.selenium.support.ui.ExpectedConditions$10.apply(ExpectedConditions.java:298)
at org.openqa.selenium.support.ui.FluentWait.until(FluentWait.java:248)
... 25 more
Caused by: org.openqa.selenium.TimeoutException: Expected condition failed: waiting for io.appium.java_client.pagefactory.AppiumElementLocator$WaitingFunction@647d38d8 (tried for 1 second(s) with 500 milliseconds interval)
at org.openqa.selenium.support.ui.FluentWait.timeoutException(FluentWait.java:303)
at org.openqa.selenium.support.ui.FluentWait.until(FluentWait.java:271)
at io.appium.java_client.pagefactory.AppiumElementLocator.waitFor(AppiumElementLocator.java:99)
at io.appium.java_client.pagefactory.AppiumElementLocator.findElement(AppiumElementLocator.java:119)
... 32 more
Caused by: org.openqa.selenium.NoSuchElementException: Cannot locate an element using By.chained({By.xpath: //android.widget.TextView[@text='Order deleted successfully.']})
For documentation on this error, please visit: http://seleniumhq.org/exceptions/no_such_element.html
Build info: version: '3.12.0', revision: '7c6e0b3', time: '2018-05-08T14:04:26.12Z'
System info: host: 'LAPTOP-HARSHAL', ip: '192.168.0.102', os.name: 'Windows 10', os.arch: 'amd64', os.version: '10.0', java.version: '1.8.0_66'
Driver info: driver.version: AndroidDriver
at io.appium.java_client.pagefactory.bys.builder.ByChained.findElement(ByChained.java:74)
at org.openqa.selenium.remote.RemoteWebDriver.findElement(RemoteWebDriver.java:309)
at io.appium.java_client.DefaultGenericMobileDriver.findElement(DefaultGenericMobileDriver.java:58)
at io.appium.java_client.AppiumDriver.findElement(AppiumDriver.java:1)
at io.appium.java_client.android.AndroidDriver.findElement(AndroidDriver.java:1)
at io.appium.java_client.pagefactory.bys.ContentMappedBy.findElement(ContentMappedBy.java:50)
at org.openqa.selenium.remote.RemoteWebDriver.findElement(RemoteWebDriver.java:309)
at io.appium.java_client.DefaultGenericMobileDriver.findElement(DefaultGenericMobileDriver.java:58)
at io.appium.java_client.AppiumDriver.findElement(AppiumDriver.java:1)
at io.appium.java_client.android.AndroidDriver.findElement(AndroidDriver.java:1)
at io.appium.java_client.pagefactory.AppiumElementLocator.lambda$0(AppiumElementLocator.java:120)
at io.appium.java_client.pagefactory.AppiumElementLocator$WaitingFunction.apply(AppiumElementLocator.java:172)
at io.appium.java_client.pagefactory.AppiumElementLocator$WaitingFunction.apply(AppiumElementLocator.java:1)
at org.openqa.selenium.support.ui.FluentWait.until(FluentWait.java:248)
... 34 more
]]>
    </error>
  </testcase> <!-- Verify_Delete_order_Second -->
  <testcase name="Verify_order_Finish" time="41.036" classname="com.qa.tests.Tc_overview_new"/>
  <testcase name="Verify_production_withoutPart" time="18.631" classname="com.qa.tests.Tc_overview_new"/>
  <testcase name="Verify_Setup_withoutPart" time="4.364" classname="com.qa.tests.Tc_overview_new"/>
  <testcase name="Verify_NoProduction_withoutPart" time="3.858" classname="com.qa.tests.Tc_overview_new"/>
  <testcase name="Verify_AddNewPartOne" time="13.606" classname="com.qa.tests.Tc_overview_new"/>
  <testcase name="Verify_Verify_AddNewPartTwo" time="17.672" classname="com.qa.tests.Tc_overview_new"/>
  <testcase name="Verify_Delete_PartOne" time="4.350" classname="com.qa.tests.Tc_overview_new"/>
  <testcase name="Verify_Delete_PartTwo" time="84.434" classname="com.qa.tests.Tc_overview_new">
    <error type="org.openqa.selenium.TimeoutException" message="Expected condition failed: waiting for visibility of Located by By.chained({By.xpath: //android.widget.Button[@text=&#039;Delete order&#039;]}) (tried for 70 second(s) with 500 milliseconds interval)">
      <![CDATA[org.openqa.selenium.TimeoutException: Expected condition failed: waiting for visibility of Located by By.chained({By.xpath: //android.widget.Button[@text='Delete order']}) (tried for 70 second(s) with 500 milliseconds interval)
at org.openqa.selenium.support.ui.WebDriverWait.timeoutException(WebDriverWait.java:81)
at org.openqa.selenium.support.ui.FluentWait.until(FluentWait.java:271)
at com.qa.BaseTest.waitForVisibility(BaseTest.java:322)
at com.qa.BaseTest.click(BaseTest.java:369)
at com.qa.pages.Overview.DeleteTwoP(Overview.java:522)
at com.qa.tests.Tc_overview_new.Verify_Delete_PartTwo(Tc_overview_new.java:667)
at sun.reflect.NativeMethodAccessorImpl.invoke0(Native Method)
at sun.reflect.NativeMethodAccessorImpl.invoke(NativeMethodAccessorImpl.java:62)
at sun.reflect.DelegatingMethodAccessorImpl.invoke(DelegatingMethodAccessorImpl.java:43)
at java.lang.reflect.Method.invoke(Method.java:497)
at org.testng.internal.MethodInvocationHelper.invokeMethod(MethodInvocationHelper.java:124)
at org.testng.internal.Invoker.invokeMethod(Invoker.java:583)
at org.testng.internal.Invoker.invokeTestMethod(Invoker.java:719)
at org.testng.internal.Invoker.invokeTestMethods(Invoker.java:989)
at org.testng.internal.TestMethodWorker.invokeTestMethods(TestMethodWorker.java:125)
at org.testng.internal.TestMethodWorker.run(TestMethodWorker.java:109)
at org.testng.TestRunner.privateRun(TestRunner.java:648)
at org.testng.TestRunner.run(TestRunner.java:505)
at org.testng.SuiteRunner.runTest(SuiteRunner.java:455)
at org.testng.SuiteRunner.access$000(SuiteRunner.java:40)
at org.testng.SuiteRunner$SuiteWorker.run(SuiteRunner.java:489)
at org.testng.internal.thread.ThreadUtil$1.call(ThreadUtil.java:52)
at java.util.concurrent.FutureTask.run(FutureTask.java:266)
at java.util.concurrent.ThreadPoolExecutor.runWorker(ThreadPoolExecutor.java:1142)
at java.util.concurrent.ThreadPoolExecutor$Worker.run(ThreadPoolExecutor.java:617)
at java.lang.Thread.run(Thread.java:745)
Caused by: org.openqa.selenium.NoSuchElementException: Can't locate an element by this strategy: By.chained({By.xpath: //android.widget.Button[@text='Delete order']})
at io.appium.java_client.pagefactory.AppiumElementLocator.findElement(AppiumElementLocator.java:126)
at io.appium.java_client.pagefactory.interceptors.InterceptorOfASingleElement.intercept(InterceptorOfASingleElement.java:60)
at io.appium.java_client.android.AndroidElement$$EnhancerByCGLIB$$b598166c.isDisplayed(<generated>)
at org.openqa.selenium.support.ui.ExpectedConditions.elementIfVisible(ExpectedConditions.java:315)
at org.openqa.selenium.support.ui.ExpectedConditions.access$100(ExpectedConditions.java:44)
at org.openqa.selenium.support.ui.ExpectedConditions$10.apply(ExpectedConditions.java:301)
at org.openqa.selenium.support.ui.ExpectedConditions$10.apply(ExpectedConditions.java:298)
at org.openqa.selenium.support.ui.FluentWait.until(FluentWait.java:248)
... 24 more
Caused by: org.openqa.selenium.TimeoutException: Expected condition failed: waiting for io.appium.java_client.pagefactory.AppiumElementLocator$WaitingFunction@30fb79d7 (tried for 1 second(s) with 500 milliseconds interval)
at org.openqa.selenium.support.ui.FluentWait.timeoutException(FluentWait.java:303)
at org.openqa.selenium.support.ui.FluentWait.until(FluentWait.java:271)
at io.appium.java_client.pagefactory.AppiumElementLocator.waitFor(AppiumElementLocator.java:99)
at io.appium.java_client.pagefactory.AppiumElementLocator.findElement(AppiumElementLocator.java:119)
... 31 more
Caused by: org.openqa.selenium.NoSuchElementException: Cannot locate an element using By.chained({By.xpath: //android.widget.Button[@text='Delete order']})
For documentation on this error, please visit: http://seleniumhq.org/exceptions/no_such_element.html
Build info: version: '3.12.0', revision: '7c6e0b3', time: '2018-05-08T14:04:26.12Z'
System info: host: 'LAPTOP-HARSHAL', ip: '192.168.0.102', os.name: 'Windows 10', os.arch: 'amd64', os.version: '10.0', java.version: '1.8.0_66'
Driver info: driver.version: AndroidDriver
at io.appium.java_client.pagefactory.bys.builder.ByChained.findElement(ByChained.java:74)
at org.openqa.selenium.remote.RemoteWebDriver.findElement(RemoteWebDriver.java:309)
at io.appium.java_client.DefaultGenericMobileDriver.findElement(DefaultGenericMobileDriver.java:58)
at io.appium.java_client.AppiumDriver.findElement(AppiumDriver.java:1)
at io.appium.java_client.android.AndroidDriver.findElement(AndroidDriver.java:1)
at io.appium.java_client.pagefactory.bys.ContentMappedBy.findElement(ContentMappedBy.java:50)
at org.openqa.selenium.remote.RemoteWebDriver.findElement(RemoteWebDriver.java:309)
at io.appium.java_client.DefaultGenericMobileDriver.findElement(DefaultGenericMobileDriver.java:58)
at io.appium.java_client.AppiumDriver.findElement(AppiumDriver.java:1)
at io.appium.java_client.android.AndroidDriver.findElement(AndroidDriver.java:1)
at io.appium.java_client.pagefactory.AppiumElementLocator.lambda$0(AppiumElementLocator.java:120)
at io.appium.java_client.pagefactory.AppiumElementLocator$WaitingFunction.apply(AppiumElementLocator.java:172)
at io.appium.java_client.pagefactory.AppiumElementLocator$WaitingFunction.apply(AppiumElementLocator.java:1)
at org.openqa.selenium.support.ui.FluentWait.until(FluentWait.java:248)
... 33 more
]]>
    </error>
  </testcase> <!-- Verify_Delete_PartTwo -->
  <testcase name="Tc_BatteryLevel" time="8.666" classname="com.qa.tests.Tc_overview_new"/>
  <testcase name="Tc_check_view_startOff" time="8.634" classname="com.qa.tests.Tc_overview_new"/>
  <testcase name="Tc_Battery_Level_viewonly" time="0.708" classname="com.qa.tests.Tc_overview_new"/>
  <testcase name="Tc_check_view_startON" time="2.414" classname="com.qa.tests.Tc_overview_new"/>
  <testcase name="Verify_Whatwentwrong_Text" classname="com.qa.tests.Tc_overview_new">
    <skipped/>
  </testcase> <!-- Verify_Whatwentwrong_Text -->
  <testcase name="Verify_sound_Button" classname="com.qa.tests.Tc_overview_new">
    <skipped/>
  </testcase> <!-- Verify_sound_Button -->
  <testcase name="Tc_login" classname="com.qa.tests.Tc_overview_new">
    <skipped/>
  </testcase> <!-- Tc_login -->
  <testcase name="Verify_Delete_order_cancel" classname="com.qa.tests.Tc_overview_new">
    <skipped/>
  </testcase> <!-- Verify_Delete_order_cancel -->
  <testcase name="Verify_validTimer" classname="com.qa.tests.Tc_overview_new">
    <skipped/>
  </testcase> <!-- Verify_validTimer -->
  <testcase name="Verify_RemvoeTimer" classname="com.qa.tests.Tc_overview_new">
    <skipped/>
  </testcase> <!-- Verify_RemvoeTimer -->
  <testcase name="Verify_order_continue" classname="com.qa.tests.Tc_overview_new">
    <skipped/>
  </testcase> <!-- Verify_order_continue -->
  <testcase name="Verify_CurrentOrder_Text" classname="com.qa.tests.Tc_overview_new">
    <skipped/>
  </testcase> <!-- Verify_CurrentOrder_Text -->
  <testcase name="Verify_ScrabPart_Text" classname="com.qa.tests.Tc_overview_new">
    <skipped/>
  </testcase> <!-- Verify_ScrabPart_Text -->
  <testcase name="Verify_Reasonforscraps_Text" classname="com.qa.tests.Tc_overview_new">
    <skipped/>
  </testcase> <!-- Verify_Reasonforscraps_Text -->
  <testcase name="Verify_invalidtimer" classname="com.qa.tests.Tc_overview_new">
    <skipped/>
  </testcase> <!-- Verify_invalidtimer -->
  <testcase name="Verify_ContinueProduction_Text" classname="com.qa.tests.Tc_overview_new">
    <skipped/>
  </testcase> <!-- Verify_ContinueProduction_Text -->
  <testcase name="Verify_CurrentPart_Text" classname="com.qa.tests.Tc_overview_new">
    <skipped/>
  </testcase> <!-- Verify_CurrentPart_Text -->
  <testcase name="Verify_FinishP_First" classname="com.qa.tests.Tc_overview_new">
    <skipped/>
  </testcase> <!-- Verify_FinishP_First -->
  <testcase name="Verify_TimeTaken_Text" classname="com.qa.tests.Tc_overview_new">
    <skipped/>
  </testcase> <!-- Verify_TimeTaken_Text -->
  <testcase name="Verify_Finish_Text" classname="com.qa.tests.Tc_overview_new">
    <skipped/>
  </testcase> <!-- Verify_Finish_Text -->
</testsuite> <!-- com.qa.tests.Tc_overview_new -->
